Trial 0 | Ep 5:   0%|          | 1/2848 [00:00<14:03,  3.37it/s]Trial 0 | Ep 5:   0%|          | 2/2848 [00:00<17:12,  2.76it/s]Trial 0 | Ep 5:   0%|          | 3/2848 [00:01<18:19,  2.59it/s]Trial 0 | Ep 5:   0%|          | 4/2848 [00:01<18:46,  2.53it/s]Trial 0 | Ep 5:   0%|          | 5/2848 [00:01<18:57,  2.50it/s]Trial 0 | Ep 5:   0%|          | 6/2848 [00:02<19:06,  2.48it/s]Trial 0 | Ep 5:   0%|          | 7/2848 [00:02<19:10,  2.47it/s]Trial 0 | Ep 5:   0%|          | 8/2848 [00:03<19:13,  2.46it/s]Trial 0 | Ep 5:   0%|          | 9/2848 [00:03<19:16,  2.46it/s]Trial 0 | Ep 5:   0%|          | 10/2848 [00:03<19:23,  2.44it/s]Trial 0 | Ep 5:   0%|          | 11/2848 [00:04<19:21,  2.44it/s]Trial 0 | Ep 5:   0%|          | 12/2848 [00:04<19:22,  2.44it/s]Trial 0 | Ep 5:   0%|          | 13/2848 [00:05<19:22,  2.44it/s]Trial 0 | Ep 5:   0%|          | 14/2848 [00:05<19:22,  2.44it/s]Trial 0 | Ep 5:   1%|          | 15/2848 [00:06<19:23,  2.43it/s]Trial 0 | Ep 5:   1%|          | 16/2848 [00:06<19:22,  2.44it/s]Trial 0 | Ep 5:   1%|          | 17/2848 [00:06<19:21,  2.44it/s]Trial 0 | Ep 5:   1%|          | 18/2848 [00:07<19:14,  2.45it/s]Trial 0 | Ep 5:   1%|          | 19/2848 [00:07<19:15,  2.45it/s]Trial 0 | Ep 5:   1%|          | 20/2848 [00:08<19:17,  2.44it/s]Trial 0 | Ep 5:   1%|          | 21/2848 [00:08<19:17,  2.44it/s]Trial 0 | Ep 5:   1%|          | 22/2848 [00:08<19:21,  2.43it/s]Trial 0 | Ep 5:   1%|          | 23/2848 [00:09<19:20,  2.43it/s]Trial 0 | Ep 5:   1%|          | 24/2848 [00:09<19:16,  2.44it/s]Trial 0 | Ep 5:   1%|          | 25/2848 [00:10<19:15,  2.44it/s]Trial 0 | Ep 5:   1%|          | 26/2848 [00:10<19:15,  2.44it/s]Trial 0 | Ep 5:   1%|          | 27/2848 [00:10<19:19,  2.43it/s]Trial 0 | Ep 5:   1%|          | 28/2848 [00:11<19:16,  2.44it/s]Trial 0 | Ep 5:   1%|          | 29/2848 [00:11<19:16,  2.44it/s]Trial 0 | Ep 5:   1%|          | 30/2848 [00:12<19:19,  2.43it/s]Trial 0 | Ep 5:   1%|          | 31/2848 [00:12<19:16,  2.44it/s]Trial 0 | Ep 5:   1%|          | 32/2848 [00:13<19:17,  2.43it/s]Trial 0 | Ep 5:   1%|          | 33/2848 [00:13<19:13,  2.44it/s]Trial 0 | Ep 5:   1%|          | 34/2848 [00:13<19:13,  2.44it/s]Trial 0 | Ep 5:   1%|          | 35/2848 [00:14<19:06,  2.45it/s]Trial 0 | Ep 5:   1%|▏         | 36/2848 [00:14<19:08,  2.45it/s]Trial 0 | Ep 5:   1%|▏         | 37/2848 [00:15<19:10,  2.44it/s]Trial 0 | Ep 5:   1%|▏         | 38/2848 [00:15<19:10,  2.44it/s]Trial 0 | Ep 5:   1%|▏         | 39/2848 [00:15<19:10,  2.44it/s]Trial 0 | Ep 5:   1%|▏         | 40/2848 [00:16<19:09,  2.44it/s]Trial 0 | Ep 5:   1%|▏         | 41/2848 [00:16<19:08,  2.44it/s]Trial 0 | Ep 5:   1%|▏         | 42/2848 [00:17<19:13,  2.43it/s]Trial 0 | Ep 5:   2%|▏         | 43/2848 [00:17<19:10,  2.44it/s]Trial 0 | Ep 5:   2%|▏         | 44/2848 [00:17<19:11,  2.44it/s]Trial 0 | Ep 5:   2%|▏         | 45/2848 [00:18<19:10,  2.44it/s]Trial 0 | Ep 5:   2%|▏         | 46/2848 [00:18<19:08,  2.44it/s]Trial 0 | Ep 5:   2%|▏         | 47/2848 [00:19<19:12,  2.43it/s]Trial 0 | Ep 5:   2%|▏         | 48/2848 [00:19<19:08,  2.44it/s]Trial 0 | Ep 5:   2%|▏         | 49/2848 [00:19<19:11,  2.43it/s]Trial 0 | Ep 5:   2%|▏         | 50/2848 [00:20<19:00,  2.45it/s]Trial 0 | Ep 5:   2%|▏         | 51/2848 [00:20<19:02,  2.45it/s]Trial 0 | Ep 5:   2%|▏         | 52/2848 [00:21<19:05,  2.44it/s]Trial 0 | Ep 5:   2%|▏         | 53/2848 [00:21<19:05,  2.44it/s]Trial 0 | Ep 5:   2%|▏         | 54/2848 [00:22<19:03,  2.44it/s]Trial 0 | Ep 5:   2%|▏         | 55/2848 [00:22<19:03,  2.44it/s]Trial 0 | Ep 5:   2%|▏         | 56/2848 [00:22<19:01,  2.45it/s]Trial 0 | Ep 5:   2%|▏         | 57/2848 [00:23<19:00,  2.45it/s]Trial 0 | Ep 5:   2%|▏         | 58/2848 [00:23<19:02,  2.44it/s]Trial 0 | Ep 5:   2%|▏         | 59/2848 [00:24<19:06,  2.43it/s]Trial 0 | Ep 5:   2%|▏         | 60/2848 [00:24<19:03,  2.44it/s]Trial 0 | Ep 5:   2%|▏         | 61/2848 [00:24<19:05,  2.43it/s]Trial 0 | Ep 5:   2%|▏         | 62/2848 [00:25<19:01,  2.44it/s]Trial 0 | Ep 5:   2%|▏         | 63/2848 [00:25<19:01,  2.44it/s]Trial 0 | Ep 5:   2%|▏         | 64/2848 [00:26<19:05,  2.43it/s]Trial 0 | Ep 5:   2%|▏         | 65/2848 [00:26<19:02,  2.44it/s]Trial 0 | Ep 5:   2%|▏         | 66/2848 [00:26<19:01,  2.44it/s]Trial 0 | Ep 5:   2%|▏         | 67/2848 [00:27<18:55,  2.45it/s]Trial 0 | Ep 5:   2%|▏         | 68/2848 [00:27<18:58,  2.44it/s]Trial 0 | Ep 5:   2%|▏         | 69/2848 [00:28<18:57,  2.44it/s]Trial 0 | Ep 5:   2%|▏         | 70/2848 [00:28<18:58,  2.44it/s]Trial 0 | Ep 5:   2%|▏         | 71/2848 [00:28<18:58,  2.44it/s]Trial 0 | Ep 5:   3%|▎         | 72/2848 [00:29<18:58,  2.44it/s]Trial 0 | Ep 5:   3%|▎         | 73/2848 [00:29<18:55,  2.44it/s]Trial 0 | Ep 5:   3%|▎         | 74/2848 [00:30<18:54,  2.44it/s]Trial 0 | Ep 5:   3%|▎         | 75/2848 [00:30<18:55,  2.44it/s]Trial 0 | Ep 5:   3%|▎         | 76/2848 [00:31<18:59,  2.43it/s]Trial 0 | Ep 5:   3%|▎         | 77/2848 [00:31<18:58,  2.43it/s]Trial 0 | Ep 5:   3%|▎         | 78/2848 [00:31<18:55,  2.44it/s]Trial 0 | Ep 5:   3%|▎         | 79/2848 [00:32<18:55,  2.44it/s]Trial 0 | Ep 5:   3%|▎         | 80/2848 [00:32<18:56,  2.44it/s]Trial 0 | Ep 5:   3%|▎         | 81/2848 [00:33<18:58,  2.43it/s]Trial 0 | Ep 5:   3%|▎         | 82/2848 [00:33<18:57,  2.43it/s]Trial 0 | Ep 5:   3%|▎         | 83/2848 [00:33<18:57,  2.43it/s]Trial 0 | Ep 5:   3%|▎         | 84/2848 [00:34<18:47,  2.45it/s]Trial 0 | Ep 5:   3%|▎         | 85/2848 [00:34<18:49,  2.45it/s]Trial 0 | Ep 5:   3%|▎         | 86/2848 [00:35<18:53,  2.44it/s]Trial 0 | Ep 5:   3%|▎         | 87/2848 [00:35<18:50,  2.44it/s]Trial 0 | Ep 5:   3%|▎         | 88/2848 [00:35<18:51,  2.44it/s]Trial 0 | Ep 5:   3%|▎         | 89/2848 [00:36<18:53,  2.43it/s]Trial 0 | Ep 5:   3%|▎         | 90/2848 [00:36<18:48,  2.44it/s]Trial 0 | Ep 5:   3%|▎         | 91/2848 [00:37<18:48,  2.44it/s]Trial 0 | Ep 5:   3%|▎         | 92/2848 [00:37<18:48,  2.44it/s]Trial 0 | Ep 5:   3%|▎         | 93/2848 [00:38<18:53,  2.43it/s]Trial 0 | Ep 5:   3%|▎         | 94/2848 [00:38<18:49,  2.44it/s]Trial 0 | Ep 5:   3%|▎         | 95/2848 [00:38<18:49,  2.44it/s]Trial 0 | Ep 5:   3%|▎         | 96/2848 [00:39<18:48,  2.44it/s]Trial 0 | Ep 5:   3%|▎         | 97/2848 [00:39<18:48,  2.44it/s]Trial 0 | Ep 5:   3%|▎         | 98/2848 [00:40<18:51,  2.43it/s]Trial 0 | Ep 5:   3%|▎         | 99/2848 [00:40<18:49,  2.43it/s]Trial 0 | Ep 5:   4%|▎         | 100/2848 [00:40<18:47,  2.44it/s]Trial 0 | Ep 5:   4%|▎         | 101/2848 [00:41<18:39,  2.45it/s]Trial 0 | Ep 5:   4%|▎         | 102/2848 [00:41<18:41,  2.45it/s]Trial 0 | Ep 5:   4%|▎         | 103/2848 [00:42<18:44,  2.44it/s]Trial 0 | Ep 5:   4%|▎         | 104/2848 [00:42<18:42,  2.45it/s]Trial 0 | Ep 5:   4%|▎         | 105/2848 [00:42<18:43,  2.44it/s]Trial 0 | Ep 5:   4%|▎         | 106/2848 [00:43<18:44,  2.44it/s]Trial 0 | Ep 5:   4%|▍         | 107/2848 [00:43<18:40,  2.45it/s]Trial 0 | Ep 5:   4%|▍         | 108/2848 [00:44<18:40,  2.45it/s]Trial 0 | Ep 5:   4%|▍         | 109/2848 [00:44<18:41,  2.44it/s]Trial 0 | Ep 5:   4%|▍         | 110/2848 [00:44<18:44,  2.43it/s]Trial 0 | Ep 5:   4%|▍         | 111/2848 [00:45<18:42,  2.44it/s]Trial 0 | Ep 5:   4%|▍         | 112/2848 [00:45<18:41,  2.44it/s]Trial 0 | Ep 5:   4%|▍         | 113/2848 [00:46<18:39,  2.44it/s]Trial 0 | Ep 5:   4%|▍         | 114/2848 [00:46<18:39,  2.44it/s]Trial 0 | Ep 5:   4%|▍         | 115/2848 [00:47<18:43,  2.43it/s]Trial 0 | Ep 5:   4%|▍         | 116/2848 [00:47<18:41,  2.44it/s]Trial 0 | Ep 5:   4%|▍         | 117/2848 [00:47<18:42,  2.43it/s]Trial 0 | Ep 5:   4%|▍         | 118/2848 [00:48<18:32,  2.45it/s]Trial 0 | Ep 5:   4%|▍         | 119/2848 [00:48<18:34,  2.45it/s]Trial 0 | Ep 5:   4%|▍         | 120/2848 [00:49<18:38,  2.44it/s]Trial 0 | Ep 5:   4%|▍         | 121/2848 [00:49<18:39,  2.44it/s]Trial 0 | Ep 5:   4%|▍         | 122/2848 [00:49<18:39,  2.44it/s]Trial 0 | Ep 5:   4%|▍         | 123/2848 [00:50<18:35,  2.44it/s]Trial 0 | Ep 5:   4%|▍         | 124/2848 [00:50<18:37,  2.44it/s]Trial 0 | Ep 5:   4%|▍         | 125/2848 [00:51<18:38,  2.43it/s]Trial 0 | Ep 5:   4%|▍         | 126/2848 [00:51<18:37,  2.44it/s]Trial 0 | Ep 5:   4%|▍         | 127/2848 [00:51<18:35,  2.44it/s]Trial 0 | Ep 5:   4%|▍         | 128/2848 [00:52<18:36,  2.44it/s]Trial 0 | Ep 5:   5%|▍         | 129/2848 [00:52<18:35,  2.44it/s]Trial 0 | Ep 5:   5%|▍         | 130/2848 [00:53<18:37,  2.43it/s]Trial 0 | Ep 5:   5%|▍         | 131/2848 [00:53<18:33,  2.44it/s]Trial 0 | Ep 5:   5%|▍         | 132/2848 [00:53<18:34,  2.44it/s]Trial 0 | Ep 5:   5%|▍         | 133/2848 [00:54<18:30,  2.44it/s]Trial 0 | Ep 5:   5%|▍         | 134/2848 [00:54<18:31,  2.44it/s]Trial 0 | Ep 5:   5%|▍         | 135/2848 [00:55<18:32,  2.44it/s]Trial 0 | Ep 5:   5%|▍         | 136/2848 [00:55<18:31,  2.44it/s]Trial 0 | Ep 5:   5%|▍         | 137/2848 [00:56<18:32,  2.44it/s]Trial 0 | Ep 5:   5%|▍         | 138/2848 [00:56<18:31,  2.44it/s]Trial 0 | Ep 5:   5%|▍         | 139/2848 [00:56<18:29,  2.44it/s]Trial 0 | Ep 5:   5%|▍         | 140/2848 [00:57<18:31,  2.44it/s]Trial 0 | Ep 5:   5%|▍         | 141/2848 [00:57<18:30,  2.44it/s]Trial 0 | Ep 5:   5%|▍         | 142/2848 [00:58<18:29,  2.44it/s]Trial 0 | Ep 5:   5%|▌         | 143/2848 [00:58<18:28,  2.44it/s]Trial 0 | Ep 5:   5%|▌         | 144/2848 [00:58<18:27,  2.44it/s]Trial 0 | Ep 5:   5%|▌         | 145/2848 [00:59<18:31,  2.43it/s]Trial 0 | Ep 5:   5%|▌         | 146/2848 [00:59<18:27,  2.44it/s]Trial 0 | Ep 5:   5%|▌         | 147/2848 [01:00<18:26,  2.44it/s]Trial 0 | Ep 5:   5%|▌         | 148/2848 [01:00<18:23,  2.45it/s]Trial 0 | Ep 5:   5%|▌         | 149/2848 [01:00<18:24,  2.44it/s]Trial 0 | Ep 5:   5%|▌         | 150/2848 [01:01<18:24,  2.44it/s]Trial 0 | Ep 5:   5%|▌         | 151/2848 [01:01<18:23,  2.44it/s]Trial 0 | Ep 5:   5%|▌         | 152/2848 [01:02<18:24,  2.44it/s]Trial 0 | Ep 5:   5%|▌         | 153/2848 [01:02<18:26,  2.44it/s]Trial 0 | Ep 5:   5%|▌         | 154/2848 [01:03<18:23,  2.44it/s]Trial 0 | Ep 5:   5%|▌         | 155/2848 [01:03<18:26,  2.43it/s]Trial 0 | Ep 5:   5%|▌         | 156/2848 [01:03<18:26,  2.43it/s]Trial 0 | Ep 5:   6%|▌         | 157/2848 [01:04<18:25,  2.43it/s]Trial 0 | Ep 5:   6%|▌         | 158/2848 [01:04<18:18,  2.45it/s]Trial 0 | Ep 5:   6%|▌         | 159/2848 [01:05<18:19,  2.45it/s]Trial 0 | Ep 5:   6%|▌         | 160/2848 [01:05<18:24,  2.43it/s]Trial 0 | Ep 5:   6%|▌         | 161/2848 [01:05<18:22,  2.44it/s]Trial 0 | Ep 5:   6%|▌         | 162/2848 [01:06<18:21,  2.44it/s]Trial 0 | Ep 5:   6%|▌         | 163/2848 [01:06<18:18,  2.44it/s]Trial 0 | Ep 5:   6%|▌         | 164/2848 [01:07<18:18,  2.44it/s]Trial 0 | Ep 5:   6%|▌         | 165/2848 [01:07<18:22,  2.43it/s]Trial 0 | Ep 5:   6%|▌         | 166/2848 [01:07<18:18,  2.44it/s]Trial 0 | Ep 5:   6%|▌         | 167/2848 [01:08<18:18,  2.44it/s]Trial 0 | Ep 5:   6%|▌         | 168/2848 [01:08<18:18,  2.44it/s]Trial 0 | Ep 5:   6%|▌         | 169/2848 [01:09<18:14,  2.45it/s]Trial 0 | Ep 5:   6%|▌         | 170/2848 [01:09<18:13,  2.45it/s]Trial 0 | Ep 5:   6%|▌         | 171/2848 [01:09<18:17,  2.44it/s]Trial 0 | Ep 5:   6%|▌         | 172/2848 [01:10<18:19,  2.43it/s]Trial 0 | Ep 5:   6%|▌         | 173/2848 [01:10<18:16,  2.44it/s]Trial 0 | Ep 5:   6%|▌         | 174/2848 [01:11<18:15,  2.44it/s]Trial 0 | Ep 5:   6%|▌         | 175/2848 [01:11<18:12,  2.45it/s]Trial 0 | Ep 5:   6%|▌         | 176/2848 [01:12<18:14,  2.44it/s]Trial 0 | Ep 5:   6%|▌         | 177/2848 [01:12<18:16,  2.44it/s]Trial 0 | Ep 5:   6%|▋         | 178/2848 [01:12<18:14,  2.44it/s]Trial 0 | Ep 5:   6%|▋         | 179/2848 [01:13<18:12,  2.44it/s]Trial 0 | Ep 5:   6%|▋         | 180/2848 [01:13<18:10,  2.45it/s]Trial 0 | Ep 5:   6%|▋         | 181/2848 [01:14<18:11,  2.44it/s]Trial 0 | Ep 5:   6%|▋         | 182/2848 [01:14<18:12,  2.44it/s]Trial 0 | Ep 5:   6%|▋         | 183/2848 [01:14<18:11,  2.44it/s]Trial 0 | Ep 5:   6%|▋         | 184/2848 [01:15<18:12,  2.44it/s]Trial 0 | Ep 5:   6%|▋         | 185/2848 [01:15<18:14,  2.43it/s]Trial 0 | Ep 5:   7%|▋         | 186/2848 [01:16<18:10,  2.44it/s]Trial 0 | Ep 5:   7%|▋         | 187/2848 [01:16<18:14,  2.43it/s]Trial 0 | Ep 5:   7%|▋         | 188/2848 [01:16<18:11,  2.44it/s]Trial 0 | Ep 5:   7%|▋         | 189/2848 [01:17<18:11,  2.44it/s]Trial 0 | Ep 5:   7%|▋         | 190/2848 [01:17<18:11,  2.44it/s]Trial 0 | Ep 5:   7%|▋         | 191/2848 [01:18<18:12,  2.43it/s]Trial 0 | Ep 5:   7%|▋         | 192/2848 [01:18<18:12,  2.43it/s]Trial 0 | Ep 5:   7%|▋         | 193/2848 [01:19<18:10,  2.43it/s]Trial 0 | Ep 5:   7%|▋         | 194/2848 [01:19<18:08,  2.44it/s]Trial 0 | Ep 5:   7%|▋         | 195/2848 [01:19<18:05,  2.44it/s]Trial 0 | Ep 5:   7%|▋         | 196/2848 [01:20<18:05,  2.44it/s]Trial 0 | Ep 5:   7%|▋         | 197/2848 [01:20<18:09,  2.43it/s]Trial 0 | Ep 5:   7%|▋         | 198/2848 [01:20<16:35,  2.66it/s]Trial 0 | Ep 5:   7%|▋         | 199/2848 [01:21<17:04,  2.58it/s]Trial 0 | Ep 5:   7%|▋         | 200/2848 [01:21<17:21,  2.54it/s]Trial 0 | Ep 5:   7%|▋         | 201/2848 [01:22<17:33,  2.51it/s]Trial 0 | Ep 5:   7%|▋         | 202/2848 [01:22<17:46,  2.48it/s]Trial 0 | Ep 5:   7%|▋         | 203/2848 [01:22<17:50,  2.47it/s]Trial 0 | Ep 5:   7%|▋         | 204/2848 [01:23<17:56,  2.46it/s]Trial 0 | Ep 5:   7%|▋         | 205/2848 [01:23<17:58,  2.45it/s]Trial 0 | Ep 5:   7%|▋         | 206/2848 [01:24<18:00,  2.45it/s]Trial 0 | Ep 5:   7%|▋         | 207/2848 [01:24<18:03,  2.44it/s]Trial 0 | Ep 5:   7%|▋         | 208/2848 [01:25<18:02,  2.44it/s]Trial 0 | Ep 5:   7%|▋         | 209/2848 [01:25<18:04,  2.43it/s]Trial 0 | Ep 5:   7%|▋         | 210/2848 [01:25<17:59,  2.44it/s]Trial 0 | Ep 5:   7%|▋         | 211/2848 [01:26<17:59,  2.44it/s]Trial 0 | Ep 5:   7%|▋         | 212/2848 [01:26<18:00,  2.44it/s]Trial 0 | Ep 5:   7%|▋         | 213/2848 [01:27<18:02,  2.44it/s]Trial 0 | Ep 5:   8%|▊         | 214/2848 [01:27<17:59,  2.44it/s]Trial 0 | Ep 5:   8%|▊         | 215/2848 [01:27<17:59,  2.44it/s]Trial 0 | Ep 5:   8%|▊         | 216/2848 [01:28<17:56,  2.45it/s]Trial 0 | Ep 5:   8%|▊         | 217/2848 [01:28<18:00,  2.43it/s]Trial 0 | Ep 5:   8%|▊         | 218/2848 [01:29<17:57,  2.44it/s]Trial 0 | Ep 5:   8%|▊         | 219/2848 [01:29<17:57,  2.44it/s]Trial 0 | Ep 5:   8%|▊         | 220/2848 [01:29<17:57,  2.44it/s]Trial 0 | Ep 5:   8%|▊         | 221/2848 [01:30<17:57,  2.44it/s]Trial 0 | Ep 5:   8%|▊         | 222/2848 [01:30<18:00,  2.43it/s]Trial 0 | Ep 5:   8%|▊         | 223/2848 [01:31<17:57,  2.44it/s]Trial 0 | Ep 5:   8%|▊         | 224/2848 [01:31<17:58,  2.43it/s]Trial 0 | Ep 5:   8%|▊         | 225/2848 [01:32<17:54,  2.44it/s]Trial 0 | Ep 5:   8%|▊         | 226/2848 [01:32<17:54,  2.44it/s]Trial 0 | Ep 5:   8%|▊         | 227/2848 [01:32<17:57,  2.43it/s]Trial 0 | Ep 5:   8%|▊         | 228/2848 [01:33<17:54,  2.44it/s]Trial 0 | Ep 5:   8%|▊         | 229/2848 [01:33<17:56,  2.43it/s]Trial 0 | Ep 5:   8%|▊         | 230/2848 [01:34<17:54,  2.44it/s]Trial 0 | Ep 5:   8%|▊         | 231/2848 [01:34<17:51,  2.44it/s]Trial 0 | Ep 5:   8%|▊         | 232/2848 [01:34<17:49,  2.44it/s]Trial 0 | Ep 5:   8%|▊         | 233/2848 [01:35<17:48,  2.45it/s]Trial 0 | Ep 5:   8%|▊         | 234/2848 [01:35<17:54,  2.43it/s]Trial 0 | Ep 5:   8%|▊         | 235/2848 [01:36<17:51,  2.44it/s]Trial 0 | Ep 5:   8%|▊         | 236/2848 [01:36<17:51,  2.44it/s]Trial 0 | Ep 5:   8%|▊         | 237/2848 [01:36<17:50,  2.44it/s]Trial 0 | Ep 5:   8%|▊         | 238/2848 [01:37<17:51,  2.44it/s]Trial 0 | Ep 5:   8%|▊         | 239/2848 [01:37<17:53,  2.43it/s]Trial 0 | Ep 5:   8%|▊         | 240/2848 [01:38<17:50,  2.44it/s]Trial 0 | Ep 5:   8%|▊         | 241/2848 [01:38<17:51,  2.43it/s]Trial 0 | Ep 5:   8%|▊         | 242/2848 [01:38<17:46,  2.44it/s]Trial 0 | Ep 5:   9%|▊         | 243/2848 [01:39<17:45,  2.44it/s]Trial 0 | Ep 5:   9%|▊         | 244/2848 [01:39<17:44,  2.45it/s]Trial 0 | Ep 5:   9%|▊         | 245/2848 [01:40<17:46,  2.44it/s]Trial 0 | Ep 5:   9%|▊         | 246/2848 [01:40<17:47,  2.44it/s]Trial 0 | Ep 5:   9%|▊         | 247/2848 [01:41<17:43,  2.44it/s]Trial 0 | Ep 5:   9%|▊         | 248/2848 [01:41<17:41,  2.45it/s]Trial 0 | Ep 5:   9%|▊         | 249/2848 [01:41<17:41,  2.45it/s]Trial 0 | Ep 5:   9%|▉         | 250/2848 [01:42<17:42,  2.45it/s]Trial 0 | Ep 5:   9%|▉         | 251/2848 [01:42<17:46,  2.43it/s]Trial 0 | Ep 5:   9%|▉         | 252/2848 [01:43<17:43,  2.44it/s]Trial 0 | Ep 5:   9%|▉         | 253/2848 [01:43<17:43,  2.44it/s]Trial 0 | Ep 5:   9%|▉         | 254/2848 [01:43<17:42,  2.44it/s]Trial 0 | Ep 5:   9%|▉         | 255/2848 [01:44<17:43,  2.44it/s]Trial 0 | Ep 5:   9%|▉         | 256/2848 [01:44<17:45,  2.43it/s]Trial 0 | Ep 5:   9%|▉         | 257/2848 [01:45<17:42,  2.44it/s]Trial 0 | Ep 5:   9%|▉         | 258/2848 [01:45<17:43,  2.43it/s]Trial 0 | Ep 5:   9%|▉         | 259/2848 [01:45<17:39,  2.44it/s]Trial 0 | Ep 5:   9%|▉         | 260/2848 [01:46<17:39,  2.44it/s]Trial 0 | Ep 5:   9%|▉         | 261/2848 [01:46<17:42,  2.44it/s]Trial 0 | Ep 5:   9%|▉         | 262/2848 [01:47<17:40,  2.44it/s]Trial 0 | Ep 5:   9%|▉         | 263/2848 [01:47<17:39,  2.44it/s]Trial 0 | Ep 5:   9%|▉         | 264/2848 [01:48<17:38,  2.44it/s]Trial 0 | Ep 5:   9%|▉         | 265/2848 [01:48<17:36,  2.44it/s]Trial 0 | Ep 5:   9%|▉         | 266/2848 [01:48<17:36,  2.44it/s]Trial 0 | Ep 5:   9%|▉         | 267/2848 [01:49<17:34,  2.45it/s]Trial 0 | Ep 5:   9%|▉         | 268/2848 [01:49<17:40,  2.43it/s]Trial 0 | Ep 5:   9%|▉         | 269/2848 [01:50<17:37,  2.44it/s]Trial 0 | Ep 5:   9%|▉         | 270/2848 [01:50<17:37,  2.44it/s]Trial 0 | Ep 5:  10%|▉         | 271/2848 [01:50<17:37,  2.44it/s]Trial 0 | Ep 5:  10%|▉         | 272/2848 [01:51<17:37,  2.44it/s]Trial 0 | Ep 5:  10%|▉         | 273/2848 [01:51<17:38,  2.43it/s]Trial 0 | Ep 5:  10%|▉         | 274/2848 [01:52<17:37,  2.43it/s]Trial 0 | Ep 5:  10%|▉         | 275/2848 [01:52<17:36,  2.44it/s]Trial 0 | Ep 5:  10%|▉         | 276/2848 [01:52<17:33,  2.44it/s]Trial 0 | Ep 5:  10%|▉         | 277/2848 [01:53<17:32,  2.44it/s]Trial 0 | Ep 5:  10%|▉         | 278/2848 [01:53<17:33,  2.44it/s]Trial 0 | Ep 5:  10%|▉         | 279/2848 [01:54<17:35,  2.43it/s]Trial 0 | Ep 5:  10%|▉         | 280/2848 [01:54<17:35,  2.43it/s]Trial 0 | Ep 5:  10%|▉         | 281/2848 [01:54<17:31,  2.44it/s]Trial 0 | Ep 5:  10%|▉         | 282/2848 [01:55<17:27,  2.45it/s]Trial 0 | Ep 5:  10%|▉         | 283/2848 [01:55<17:27,  2.45it/s]Trial 0 | Ep 5:  10%|▉         | 284/2848 [01:56<17:26,  2.45it/s]Trial 0 | Ep 5:  10%|█         | 285/2848 [01:56<17:32,  2.44it/s]Trial 0 | Ep 5:  10%|█         | 286/2848 [01:57<17:29,  2.44it/s]Trial 0 | Ep 5:  10%|█         | 287/2848 [01:57<17:29,  2.44it/s]Trial 0 | Ep 5:  10%|█         | 288/2848 [01:57<17:29,  2.44it/s]Trial 0 | Ep 5:  10%|█         | 289/2848 [01:58<17:29,  2.44it/s]Trial 0 | Ep 5:  10%|█         | 290/2848 [01:58<17:31,  2.43it/s]Trial 0 | Ep 5:  10%|█         | 291/2848 [01:59<17:28,  2.44it/s]Trial 0 | Ep 5:  10%|█         | 292/2848 [01:59<17:31,  2.43it/s]Trial 0 | Ep 5:  10%|█         | 293/2848 [01:59<17:28,  2.44it/s]Trial 0 | Ep 5:  10%|█         | 294/2848 [02:00<17:26,  2.44it/s]Trial 0 | Ep 5:  10%|█         | 295/2848 [02:00<17:27,  2.44it/s]Trial 0 | Ep 5:  10%|█         | 296/2848 [02:01<17:28,  2.43it/s]Trial 0 | Ep 5:  10%|█         | 297/2848 [02:01<17:24,  2.44it/s]Trial 0 | Ep 5:  10%|█         | 298/2848 [02:01<17:23,  2.44it/s]Trial 0 | Ep 5:  10%|█         | 299/2848 [02:02<17:24,  2.44it/s]Trial 0 | Ep 5:  11%|█         | 300/2848 [02:02<17:29,  2.43it/s]Trial 0 | Ep 5:  11%|█         | 301/2848 [02:03<17:28,  2.43it/s]Trial 0 | Ep 5:  11%|█         | 302/2848 [02:03<17:29,  2.43it/s]Trial 0 | Ep 5:  11%|█         | 303/2848 [02:04<17:27,  2.43it/s]Trial 0 | Ep 5:  11%|█         | 304/2848 [02:04<17:24,  2.44it/s]Trial 0 | Ep 5:  11%|█         | 305/2848 [02:04<17:27,  2.43it/s]Trial 0 | Ep 5:  11%|█         | 306/2848 [02:05<17:25,  2.43it/s]Trial 0 | Ep 5:  11%|█         | 307/2848 [02:05<17:24,  2.43it/s]Trial 0 | Ep 5:  11%|█         | 308/2848 [02:06<17:20,  2.44it/s]Trial 0 | Ep 5:  11%|█         | 309/2848 [02:06<17:22,  2.43it/s]Trial 0 | Ep 5:  11%|█         | 310/2848 [02:06<17:22,  2.43it/s]Trial 0 | Ep 5:  11%|█         | 311/2848 [02:07<17:19,  2.44it/s]Trial 0 | Ep 5:  11%|█         | 312/2848 [02:07<17:20,  2.44it/s]Trial 0 | Ep 5:  11%|█         | 313/2848 [02:08<17:19,  2.44it/s]Trial 0 | Ep 5:  11%|█         | 314/2848 [02:08<17:16,  2.44it/s]Trial 0 | Ep 5:  11%|█         | 315/2848 [02:08<17:16,  2.44it/s]Trial 0 | Ep 5:  11%|█         | 316/2848 [02:09<17:15,  2.44it/s]Trial 0 | Ep 5:  11%|█         | 317/2848 [02:09<17:20,  2.43it/s]Trial 0 | Ep 5:  11%|█         | 318/2848 [02:10<17:17,  2.44it/s]Trial 0 | Ep 5:  11%|█         | 319/2848 [02:10<17:20,  2.43it/s]Trial 0 | Ep 5:  11%|█         | 320/2848 [02:10<17:16,  2.44it/s]Trial 0 | Ep 5:  11%|█▏        | 321/2848 [02:11<17:15,  2.44it/s]Trial 0 | Ep 5:  11%|█▏        | 322/2848 [02:11<17:19,  2.43it/s]Trial 0 | Ep 5:  11%|█▏        | 323/2848 [02:12<17:14,  2.44it/s]Trial 0 | Ep 5:  11%|█▏        | 324/2848 [02:12<17:17,  2.43it/s]Trial 0 | Ep 5:  11%|█▏        | 325/2848 [02:13<17:16,  2.43it/s]Trial 0 | Ep 5:  11%|█▏        | 326/2848 [02:13<17:13,  2.44it/s]Trial 0 | Ep 5:  11%|█▏        | 327/2848 [02:13<17:15,  2.43it/s]Trial 0 | Ep 5:  12%|█▏        | 328/2848 [02:14<17:12,  2.44it/s]Trial 0 | Ep 5:  12%|█▏        | 329/2848 [02:14<17:10,  2.44it/s]Trial 0 | Ep 5:  12%|█▏        | 330/2848 [02:15<17:10,  2.44it/