[I 2026-03-14 15:04:38,089] A new study created in memory with name: mtl_hyperparam_tuning
Loading weights:   0%|          | 0/197 [00:00<?, ?it/s]Loading weights:  21%|██        | 41/197 [00:00<00:00, 402.60it/s]Loading weights: 100%|██████████| 197/197 [00:00<00:00, 1658.67it/s]
[1mRobertaModel LOAD REPORT[0m from: cardiffnlp/twitter-roberta-base-sentiment-latest
Key                             | Status     |  | 
--------------------------------+------------+--+-
roberta.pooler.dense.bias       | UNEXPECTED |  | 
classifier.dense.weight         | UNEXPECTED |  | 
roberta.pooler.dense.weight     | UNEXPECTED |  | 
classifier.dense.bias           | UNEXPECTED |  | 
roberta.embeddings.position_ids | UNEXPECTED |  | 
classifier.out_proj.bias        | UNEXPECTED |  | 
classifier.out_proj.weight      | UNEXPECTED |  | 

[3mNotes:
- UNEXPECTED[3m	:can be ignored when loading from different task/architecture; not ok if you expect identical arch.[0m
Trial 0 | Ep 1:   0%|          | 0/2848 [00:00<?, ?it/s]/home/u538412/.conda/envs/thesis_gpu/lib/python3.10/site-packages/torch/autograd/graph.py:825: UserWarning: Deterministic behavior was enabled with either `torch.use_deterministic_algorithms(True)` or `at::Context::setDeterministicAlgorithms(true)`, but this operation is not deterministic because it uses CuBLAS and you have CUDA >= 10.2. To enable deterministic behavior in this case, you must set an environment variable before running your PyTorch application: CUBLAS_WORKSPACE_CONFIG=:4096:8 or CUBLAS_WORKSPACE_CONFIG=:16:8. For more information, go to https://docs.nvidia.com/cuda/cublas/index.html#results-reproducibility (Triggered internally at ../aten/src/ATen/Context.cpp:208.)
  return Variable._execution_engine.run_backward(  # Calls into the C++ engine to run the backward pass
/home/u538412/.conda/envs/thesis_gpu/lib/python3.10/site-packages/torch/autograd/graph.py:825: UserWarning: Memory Efficient attention defaults to a non-deterministic algorithm. To explicitly enable determinism call torch.use_deterministic_algorithms(True, warn_only=False). (Triggered internally at ../aten/src/ATen/native/transformers/cuda/attention_backward.cu:655.)
  return Variable._execution_engine.run_backward(  # Calls into the C++ engine to run the backward pass
Trial 0 | Ep 1:   0%|          | 1/2848 [00:02<1:52:09,  2.36s/it]Trial 0 | Ep 1:   0%|          | 2/2848 [00:02<59:36,  1.26s/it]  Trial 0 | Ep 1:   0%|          | 3/2848 [00:03<45:52,  1.03it/s]Trial 0 | Ep 1:   0%|          | 4/2848 [00:04<39:21,  1.20it/s]Trial 0 | Ep 1:   0%|          | 5/2848 [00:04<35:34,  1.33it/s]Trial 0 | Ep 1:   0%|          | 6/2848 [00:05<33:11,  1.43it/s]Trial 0 | Ep 1:   0%|          | 7/2848 [00:05<31:42,  1.49it/s]Trial 0 | Ep 1:   0%|          | 8/2848 [00:06<30:48,  1.54it/s]Trial 0 | Ep 1:   0%|          | 9/2848 [00:07<30:11,  1.57it/s]Trial 0 | Ep 1:   0%|          | 10/2848 [00:07<29:51,  1.58it/s]Trial 0 | Ep 1:   0%|          | 11/2848 [00:08<29:19,  1.61it/s]Trial 0 | Ep 1:   0%|          | 12/2848 [00:08<28:56,  1.63it/s]Trial 0 | Ep 1:   0%|          | 13/2848 [00:09<28:50,  1.64it/s]Trial 0 | Ep 1:   0%|          | 14/2848 [00:10<28:39,  1.65it/s]Trial 0 | Ep 1:   1%|          | 15/2848 [00:10<28:29,  1.66it/s]Trial 0 | Ep 1:   1%|          | 16/2848 [00:11<28:21,  1.66it/s]Trial 0 | Ep 1:   1%|          | 17/2848 [00:11<28:22,  1.66it/s]Trial 0 | Ep 1:   1%|          | 18/2848 [00:12<28:25,  1.66it/s]Trial 0 | Ep 1:   1%|          | 19/2848 [00:13<28:26,  1.66it/s]Trial 0 | Ep 1:   1%|          | 20/2848 [00:13<28:29,  1.65it/s]Trial 0 | Ep 1:   1%|          | 21/2848 [00:14<28:24,  1.66it/s]Trial 0 | Ep 1:   1%|          | 22/2848 [00:14<28:27,  1.65it/s]Trial 0 | Ep 1:   1%|          | 23/2848 [00:15<28:28,  1.65it/s]Trial 0 | Ep 1:   1%|          | 24/2848 [00:16<28:23,  1.66it/s]Trial 0 | Ep 1:   1%|          | 25/2848 [00:16<28:21,  1.66it/s]Trial 0 | Ep 1:   1%|          | 26/2848 [00:17<28:30,  1.65it/s]Trial 0 | Ep 1:   1%|          | 27/2848 [00:17<28:29,  1.65it/s]Trial 0 | Ep 1:   1%|          | 28/2848 [00:18<28:26,  1.65it/s]Trial 0 | Ep 1:   1%|          | 29/2848 [00:19<28:28,  1.65it/s]Trial 0 | Ep 1:   1%|          | 30/2848 [00:19<28:23,  1.65it/s]Trial 0 | Ep 1:   1%|          | 31/2848 [00:20<28:23,  1.65it/s]Trial 0 | Ep 1:   1%|          | 32/2848 [00:21<28:21,  1.66it/s]Trial 0 | Ep 1:   1%|          | 33/2848 [00:21<28:20,  1.66it/s]Trial 0 | Ep 1:   1%|          | 34/2848 [00:22<28:10,  1.66it/s]Trial 0 | Ep 1:   1%|          | 35/2848 [00:22<28:01,  1.67it/s]Trial 0 | Ep 1:   1%|▏         | 36/2848 [00:23<28:03,  1.67it/s]Trial 0 | Ep 1:   1%|▏         | 37/2848 [00:23<28:02,  1.67it/s]Trial 0 | Ep 1:   1%|▏         | 38/2848 [00:24<28:03,  1.67it/s]Trial 0 | Ep 1:   1%|▏         | 39/2848 [00:25<28:09,  1.66it/s]Trial 0 | Ep 1:   1%|▏         | 40/2848 [00:25<28:09,  1.66it/s]Trial 0 | Ep 1:   1%|▏         | 41/2848 [00:26<28:08,  1.66it/s]Trial 0 | Ep 1:   1%|▏         | 42/2848 [00:26<28:05,  1.66it/s]Trial 0 | Ep 1:   2%|▏         | 43/2848 [00:27<28:11,  1.66it/s]Trial 0 | Ep 1:   2%|▏         | 44/2848 [00:28<28:13,  1.66it/s]Trial 0 | Ep 1:   2%|▏         | 45/2848 [00:28<28:08,  1.66it/s]Trial 0 | Ep 1:   2%|▏         | 46/2848 [00:29<28:07,  1.66it/s]Trial 0 | Ep 1:   2%|▏         | 47/2848 [00:30<28:08,  1.66it/s]Trial 0 | Ep 1:   2%|▏         | 48/2848 [00:30<28:05,  1.66it/s]Trial 0 | Ep 1:   2%|▏         | 49/2848 [00:31<28:13,  1.65it/s]Trial 0 | Ep 1:   2%|▏         | 50/2848 [00:31<28:12,  1.65it/s]Trial 0 | Ep 1:   2%|▏         | 51/2848 [00:32<28:09,  1.66it/s]Trial 0 | Ep 1:   2%|▏         | 52/2848 [00:33<28:02,  1.66it/s]Trial 0 | Ep 1:   2%|▏         | 53/2848 [00:33<27:54,  1.67it/s]Trial 0 | Ep 1:   2%|▏         | 54/2848 [00:34<28:02,  1.66it/s]Trial 0 | Ep 1:   2%|▏         | 55/2848 [00:34<27:57,  1.67it/s]Trial 0 | Ep 1:   2%|▏         | 56/2848 [00:35<27:49,  1.67it/s]Trial 0 | Ep 1:   2%|▏         | 57/2848 [00:36<27:53,  1.67it/s]Trial 0 | Ep 1:   2%|▏         | 58/2848 [00:36<28:01,  1.66it/s]Trial 0 | Ep 1:   2%|▏         | 59/2848 [00:37<28:03,  1.66it/s]Trial 0 | Ep 1:   2%|▏         | 60/2848 [00:37<28:05,  1.65it/s]Trial 0 | Ep 1:   2%|▏         | 61/2848 [00:38<28:01,  1.66it/s]Trial 0 | Ep 1:   2%|▏         | 62/2848 [00:39<27:55,  1.66it/s]Trial 0 | Ep 1:   2%|▏         | 63/2848 [00:39<27:56,  1.66it/s]Trial 0 | Ep 1:   2%|▏         | 64/2848 [00:40<27:55,  1.66it/s]Trial 0 | Ep 1:   2%|▏         | 65/2848 [00:40<27:55,  1.66it/s]Trial 0 | Ep 1:   2%|▏         | 66/2848 [00:41<27:58,  1.66it/s]Trial 0 | Ep 1:   2%|▏         | 67/2848 [00:42<28:02,  1.65it/s]Trial 0 | Ep 1:   2%|▏         | 68/2848 [00:42<28:02,  1.65it/s]Trial 0 | Ep 1:   2%|▏         | 69/2848 [00:43<28:02,  1.65it/s]Trial 0 | Ep 1:   2%|▏         | 70/2848 [00:43<28:05,  1.65it/s]Trial 0 | Ep 1:   2%|▏         | 71/2848 [00:44<27:59,  1.65it/s]Trial 0 | Ep 1:   3%|▎         | 72/2848 [00:45<27:52,  1.66it/s]Trial 0 | Ep 1:   3%|▎         | 73/2848 [00:45<27:57,  1.65it/s]Trial 0 | Ep 1:   3%|▎         | 74/2848 [00:46<27:57,  1.65it/s]Trial 0 | Ep 1:   3%|▎         | 75/2848 [00:46<27:50,  1.66it/s]Trial 0 | Ep 1:   3%|▎         | 76/2848 [00:47<27:42,  1.67it/s]Trial 0 | Ep 1:   3%|▎         | 77/2848 [00:48<27:37,  1.67it/s]Trial 0 | Ep 1:   3%|▎         | 78/2848 [00:48<27:34,  1.67it/s]Trial 0 | Ep 1:   3%|▎         | 79/2848 [00:49<27:33,  1.67it/s]Trial 0 | Ep 1:   3%|▎         | 80/2848 [00:49<27:35,  1.67it/s]Trial 0 | Ep 1:   3%|▎         | 81/2848 [00:50<27:46,  1.66it/s]Trial 0 | Ep 1:   3%|▎         | 82/2848 [00:51<27:43,  1.66it/s]Trial 0 | Ep 1:   3%|▎         | 83/2848 [00:51<27:39,  1.67it/s]Trial 0 | Ep 1:   3%|▎         | 84/2848 [00:52<27:44,  1.66it/s]Trial 0 | Ep 1:   3%|▎         | 85/2848 [00:52<27:45,  1.66it/s]Trial 0 | Ep 1:   3%|▎         | 86/2848 [00:53<27:47,  1.66it/s]Trial 0 | Ep 1:   3%|▎         | 87/2848 [00:54<27:46,  1.66it/s]Trial 0 | Ep 1:   3%|▎         | 88/2848 [00:54<27:48,  1.65it/s]Trial 0 | Ep 1:   3%|▎         | 89/2848 [00:55<27:46,  1.66it/s]Trial 0 | Ep 1:   3%|▎         | 90/2848 [00:55<27:48,  1.65it/s]Trial 0 | Ep 1:   3%|▎         | 91/2848 [00:56<27:47,  1.65it/s]Trial 0 | Ep 1:   3%|▎         | 92/2848 [00:57<27:50,  1.65it/s]Trial 0 | Ep 1:   3%|▎         | 93/2848 [00:57<27:43,  1.66it/s]Trial 0 | Ep 1:   3%|▎         | 94/2848 [00:58<27:38,  1.66it/s]Trial 0 | Ep 1:   3%|▎         | 95/2848 [00:58<27:42,  1.66it/s]Trial 0 | Ep 1:   3%|▎         | 96/2848 [00:59<27:33,  1.66it/s]Trial 0 | Ep 1:   3%|▎         | 97/2848 [01:00<27:29,  1.67it/s]Trial 0 | Ep 1:   3%|▎         | 98/2848 [01:00<27:28,  1.67it/s]Trial 0 | Ep 1:   3%|▎         | 99/2848 [01:01<27:26,  1.67it/s]Trial 0 | Ep 1:   4%|▎         | 100/2848 [01:01<27:22,  1.67it/s]Trial 0 | Ep 1:   4%|▎         | 101/2848 [01:02<27:23,  1.67it/s]Trial 0 | Ep 1:   4%|▎         | 102/2848 [01:03<27:27,  1.67it/s]Trial 0 | Ep 1:   4%|▎         | 103/2848 [01:03<27:30,  1.66it/s]Trial 0 | Ep 1:   4%|▎         | 104/2848 [01:04<27:27,  1.67it/s]Trial 0 | Ep 1:   4%|▎         | 105/2848 [01:04<27:29,  1.66it/s]Trial 0 | Ep 1:   4%|▎         | 106/2848 [01:05<27:33,  1.66it/s]Trial 0 | Ep 1:   4%|▍         | 107/2848 [01:06<27:31,  1.66it/s]Trial 0 | Ep 1:   4%|▍         | 108/2848 [01:06<27:31,  1.66it/s]Trial 0 | Ep 1:   4%|▍         | 109/2848 [01:07<27:35,  1.65it/s]Trial 0 | Ep 1:   4%|▍         | 110/2848 [01:07<27:37,  1.65it/s]Trial 0 | Ep 1:   4%|▍         | 111/2848 [01:08<27:31,  1.66it/s]Trial 0 | Ep 1:   4%|▍         | 112/2848 [01:09<27:35,  1.65it/s]Trial 0 | Ep 1:   4%|▍         | 113/2848 [01:09<27:30,  1.66it/s]Trial 0 | Ep 1:   4%|▍         | 114/2848 [01:10<27:23,  1.66it/s]Trial 0 | Ep 1:   4%|▍         | 115/2848 [01:10<27:20,  1.67it/s]Trial 0 | Ep 1:   4%|▍         | 116/2848 [01:11<27:24,  1.66it/s]Trial 0 | Ep 1:   4%|▍         | 117/2848 [01:12<27:23,  1.66it/s]Trial 0 | Ep 1:   4%|▍         | 118/2848 [01:12<27:14,  1.67it/s]Trial 0 | Ep 1:   4%|▍         | 119/2848 [01:13<27:08,  1.68it/s]Trial 0 | Ep 1:   4%|▍         | 120/2848 [01:13<25:07,  1.81it/s]Trial 0 | Ep 1:   4%|▍         | 121/2848 [01:14<25:30,  1.78it/s]Trial 0 | Ep 1:   4%|▍         | 122/2848 [01:14<26:01,  1.75it/s]Trial 0 | Ep 1:   4%|▍         | 123/2848 [01:15<26:21,  1.72it/s]Trial 0 | Ep 1:   4%|▍         | 124/2848 [01:16<26:41,  1.70it/s]Trial 0 | Ep 1:   4%|▍         | 125/2848 [01:16<26:47,  1.69it/s]Trial 0 | Ep 1:   4%|▍         | 126/2848 [01:17<26:59,  1.68it/s]Trial 0 | Ep 1:   4%|▍         | 127/2848 [01:17<26:57,  1.68it/s]Trial 0 | Ep 1:   4%|▍         | 128/2848 [01:18<27:06,  1.67it/s]Trial 0 | Ep 1:   5%|▍         | 129/2848 [01:19<27:11,  1.67it/s]Trial 0 | Ep 1:   5%|▍         | 130/2848 [01:19<27:12,  1.67it/s]Trial 0 | Ep 1:   5%|▍         | 131/2848 [01:20<27:11,  1.67it/s]Trial 0 | Ep 1:   5%|▍         | 132/2848 [01:21<27:18,  1.66it/s]Trial 0 | Ep 1:   5%|▍         | 133/2848 [01:21<27:13,  1.66it/s]Trial 0 | Ep 1:   5%|▍         | 134/2848 [01:22<27:11,  1.66it/s]Trial 0 | Ep 1:   5%|▍         | 135/2848 [01:22<27:09,  1.67it/s]Trial 0 | Ep 1:   5%|▍         | 136/2848 [01:23<27:13,  1.66it/s]Trial 0 | Ep 1:   5%|▍         | 137/2848 [01:24<27:10,  1.66it/s]Trial 0 | Ep 1:   5%|▍         | 138/2848 [01:24<27:05,  1.67it/s]Trial 0 | Ep 1:   5%|▍         | 139/2848 [01:25<27:02,  1.67it/s]Trial 0 | Ep 1:   5%|▍         | 140/2848 [01:25<27:07,  1.66it/s]Trial 0 | Ep 1:   5%|▍         | 141/2848 [01:26<27:07,  1.66it/s]Trial 0 | Ep 1:   5%|▍         | 142/2848 [01:27<26:57,  1.67it/s]Trial 0 | Ep 1:   5%|▌         | 143/2848 [01:27<26:54,  1.68it/s]Trial 0 | Ep 1:   5%|▌         | 144/2848 [01:28<26:51,  1.68it/s]Trial 0 | Ep 1:   5%|▌         | 145/2848 [01:28<26:52,  1.68it/s]Trial 0 | Ep 1:   5%|▌         | 146/2848 [01:29<26:54,  1.67it/s]Trial 0 | Ep 1:   5%|▌         | 147/2848 [01:29<26:58,  1.67it/s]Trial 0 | Ep 1:   5%|▌         | 148/2848 [01:30<27:03,  1.66it/s]Trial 0 | Ep 1:   5%|▌         | 149/2848 [01:31<27:03,  1.66it/s]Trial 0 | Ep 1:   5%|▌         | 150/2848 [01:31<26:59,  1.67it/s]Trial 0 | Ep 1:   5%|▌         | 151/2848 [01:32<26:59,  1.67it/s]Trial 0 | Ep 1:   5%|▌         | 152/2848 [01:33<27:02,  1.66it/s]Trial 0 | Ep 1:   5%|▌         | 153/2848 [01:33<27:02,  1.66it/s]Trial 0 | Ep 1:   5%|▌         | 154/2848 [01:34<27:05,  1.66it/s]Trial 0 | Ep 1:   5%|▌         | 155/2848 [01:34<27:03,  1.66it/s]Trial 0 | Ep 1:   5%|▌         | 156/2848 [01:35<25:32,  1.76it/s]Trial 0 | Ep 1:   6%|▌         | 157/2848 [01:35<23:36,  1.90it/s]Trial 0 | Ep 1:   6%|▌         | 158/2848 [01:36<22:10,  2.02it/s]Trial 0 | Ep 1:   6%|▌         | 159/2848 [01:36<21:18,  2.10it/s]Trial 0 | Ep 1:   6%|▌         | 160/2848 [01:37<20:33,  2.18it/s]Trial 0 | Ep 1:   6%|▌         | 161/2848 [01:37<20:02,  2.23it/s]Trial 0 | Ep 1:   6%|▌         | 162/2848 [01:37<19:41,  2.27it/s]Trial 0 | Ep 1:   6%|▌         | 163/2848 [01:38<19:28,  2.30it/s]Trial 0 | Ep 1:   6%|▌         | 164/2848 [01:38<19:22,  2.31it/s]Trial 0 | Ep 1:   6%|▌         | 165/2848 [01:39<19:17,  2.32it/s]Trial 0 | Ep 1:   6%|▌         | 166/2848 [01:39<21:04,  2.12it/s]Trial 0 | Ep 1:   6%|▌         | 167/2848 [01:40<22:40,  1.97it/s]Trial 0 | Ep 1:   6%|▌         | 168/2848 [01:40<23:48,  1.88it/s]Trial 0 | Ep 1:   6%|▌         | 169/2848 [01:41<24:41,  1.81it/s]Trial 0 | Ep 1:   6%|▌         | 170/2848 [01:42<25:15,  1.77it/s]Trial 0 | Ep 1:   6%|▌         | 171/2848 [01:42<25:43,  1.73it/s]Trial 0 | Ep 1:   6%|▌         | 172/2848 [01:43<26:06,  1.71it/s]Trial 0 | Ep 1:   6%|▌         | 173/2848 [01:43<26:14,  1.70it/s]Trial 0 | Ep 1:   6%|▌         | 174/2848 [01:44<26:16,  1.70it/s]Trial 0 | Ep 1:   6%|▌         | 175/2848 [01:45<26:21,  1.69it/s]Trial 0 | Ep 1:   6%|▌         | 176/2848 [01:45<26:29,  1.68it/s]Trial 0 | Ep 1:   6%|▌         | 177/2848 [01:46<26:34,  1.68it/s]Trial 0 | Ep 1:   6%|▋         | 178/2848 [01:46<26:30,  1.68it/s]Trial 0 | Ep 1:   6%|▋         | 179/2848 [01:47<26:39,  1.67it/s]Trial 0 | Ep 1:   6%|▋         | 180/2848 [01:48<26:38,  1.67it/s]Trial 0 | Ep 1:   6%|▋         | 181/2848 [01:48<26:36,  1.67it/s]Trial 0 | Ep 1:   6%|▋         | 182/2848 [01:49<26:31,  1.67it/s]Trial 0 | Ep 1:   6%|▋         | 183/2848 [01:49<26:38,  1.67it/s]Trial 0 | Ep 1:   6%|▋         | 184/2848 [01:50<26:43,  1.66it/s]Trial 0 | Ep 1:   6%|▋         | 185/2848 [01:51<26:42,  1.66it/s]Trial 0 | Ep 1:   7%|▋         | 186/2848 [01:51<26:46,  1.66it/s]Trial 0 | Ep 1:   7%|▋         | 187/2848 [01:52<26:53,  1.65it/s]Trial 0 | Ep 1:   7%|▋         | 188/2848 [01:52<26:55,  1.65it/s]Trial 0 | Ep 1:   7%|▋         | 189/2848 [01:53<26:56,  1.65it/s]Trial 0 | Ep 1:   7%|▋         | 190/2848 [01:54<27:02,  1.64it/s]Trial 0 | Ep 1:   7%|▋         | 191/2848 [01:54<26:55,  1.64it/s]Trial 0 | Ep 1:   7%|▋         | 192/2848 [01:55<26:46,  1.65it/s]Trial 0 | Ep 1:   7%|▋         | 193/2848 [01:55<26:40,  1.66it/s]Trial 0 | Ep 1:   7%|▋         | 194/2848 [01:56<26:39,  1.66it/s]Trial 0 | Ep 1:   7%|▋         | 195/2848 [01:57<26:32,  1.67it/s]Trial 0 | Ep 1:   7%|▋         | 196/2848 [01:57<26:24,  1.67it/s]Trial 0 | Ep 1:   7%|▋         | 197/2848 [01:58<26:25,  1.67it/s]Trial 0 | Ep 1:   7%|▋         | 198/2848 [01:58<26:28,  1.67it/s]Trial 0 | Ep 1:   7%|▋         | 199/2848 [01:59<26:22,  1.67it/s]Trial 0 | Ep 1:   7%|▋         | 200/2848 [02:00<26:22,  1.67it/s]Trial 0 | Ep 1:   7%|▋         | 201/2848 [02:00<26:30,  1.66it/s]Trial 0 | Ep 1:   7%|▋         | 202/2848 [02:01<26:32,  1.66it/s]Trial 0 | Ep 1:   7%|▋         | 203/2848 [02:01<26:33,  1.66it/s]Trial 0 | Ep 1:   7%|▋         | 204/2848 [02:02<26:34,  1.66it/s]Trial 0 | Ep 1:   7%|▋         | 205/2848 [02:03<26:38,  1.65it/s]Trial 0 | Ep 1:   7%|▋         | 206/2848 [02:03<26:33,  1.66it/s]Trial 0 | Ep 1:   7%|▋         | 207/2848 [02:04<26:32,  1.66it/s]Trial 0 | Ep 1:   7%|▋         | 208/2848 [02:04<26:31,  1.66it/s]Trial 0 | Ep 1:   7%|▋         | 209/2848 [02:05<26:41,  1.65it/s]Trial 0 | Ep 1:   7%|▋         | 210/2848 [02:06<26:29,  1.66it/s]Trial 0 | Ep 1:   7%|▋         | 211/2848 [02:06<26:29,  1.66it/s]Trial 0 | Ep 1:   7%|▋         | 212/2848 [02:07<26:32,  1.66it/s]Trial 0 | Ep 1:   7%|▋         | 213/2848 [02:07<26:35,  1.65it/s]Trial 0 | Ep 1:   8%|▊         | 214/2848 [02:08<26:29,  1.66it/s]Trial 0 | Ep 1:   8%|▊         | 215/2848 [02:09<26:21,  1.66it/s]Trial 0 | Ep 1:   8%|▊         | 216/2848 [02:09<26:15,  1.67it/s]Trial 0 | Ep 1:   8%|▊         | 217/2848 [02:10<26:22,  1.66it/s]Trial 0 | Ep 1:   8%|▊         | 218/2848 [02:10<26:22,  1.66it/s]Trial 0 | Ep 1:   8%|▊         | 219/2848 [02:11<26:17,  1.67it/s]Trial 0 | Ep 1:   8%|▊         | 220/2848 [02:12<26:12,  1.67it/s]Trial 0 | Ep 1:   8%|▊         | 221/2848 [02:12<26:15,  1.67it/s]Trial 0 | Ep 1:   8%|▊         | 222/2848 [02:13<26:13,  1.67it/s]Trial 0 | Ep 1:   8%|▊         | 223/2848 [02:13<26:17,  1.66it/s]Trial 0 | Ep 1:   8%|▊         | 224/2848 [02:14<26:16,  1.66it/s]Trial 0 | Ep 1:   8%|▊         | 225/2848 [02:15<26:13,  1.67it/s]Trial 0 | Ep 1:   8%|▊         | 226/2848 [02:15<26:12,  1.67it/s]Trial 0 | Ep 1:   8%|▊         | 227/2848 [02:16<26:07,  1.67it/s]Trial 0 | Ep 1:   8%|▊         | 228/2848 [02:16<26:12,  1.67it/s]Trial 0 | Ep 1:   8%|▊         | 229/2848 [02:17<26:16,  1.66it/s]Trial 0 | Ep 1:   8%|▊         | 230/2848 [02:18<26:14,  1.66it/s]Trial 0 | Ep 1:   8%|▊         | 231/2848 [02:18<26:16,  1.66it/s]Trial 0 | Ep 1:   8%|▊         | 232/2848 [02:19<26:16,  1.66it/s]Trial 0 | Ep 1:   8%|▊         | 233/2848 [02:19<26:14,  1.66it/s]Trial 0 | Ep 1:   8%|▊         | 234/2848 [02:20<26:13,  1.66it/s]Trial 0 | Ep 1:   8%|▊         | 235/2848 [02:21<26:16,  1.66it/s]Trial 0 | Ep 1:   8%|▊         | 236/2848 [02:21<26:12,  1.66it/s]Trial 0 | Ep 1:   8%|▊         | 237/2848 [02:22<26:17,  1.66it/s]Trial 0 | Ep 1:   8%|▊         | 238/2848 [02:22<26:13,  1.66it/s]Trial 0 | Ep 1:   8%|▊         | 239/2848 [02:23<26:14,  1.66it/s]Trial 0 | Ep 1:   8%|▊         | 240/2848 [02:24<26:19,  1.65it/s]Trial 0 | Ep 1:   8%|▊         | 241/2848 [02:24<26:14,  1.66it/s]Trial 0 | Ep 1:   8%|▊         | 242/2848 [02:25<26:03,  1.67it/s]Trial 0 | Ep 1:   9%|▊         | 243/2848 [02:25<25:59,  1.67it/s]Trial 0 | Ep 1:   9%|▊         | 244/2848 [02:26<25:58,  1.67it/s]Trial 0 | Ep 1:   9%|▊         | 245/2848 [02:27<25:59,  1.67it/s]Trial 0 | Ep 1:   9%|▊         | 246/2848 [02:27<26:03,  1.66it/s]Trial 0 | Ep 1:   9%|▊         | 247/2848 [02:28<26:04,  1.66it/s]Trial 0 | Ep 1:   9%|▊         | 248/2848 [02:28<26:00,  1.67it/s]Trial 0 | Ep 1:   9%|▊         | 249/2848 [02:29<26:00,  1.67it/s]Trial 0 | Ep 1:   9%|▉         | 250/2848 [02:30<25:53,  1.67it/s]Trial 0 | Ep 1:   9%|▉         | 251/2848 [02:30<26:01,  1.66it/s]Trial 0 | Ep 1:   9%|▉         | 252/2848 [02:31<26:01,  1.66it/s]Trial 0 | Ep 1:   9%|▉         | 253/2848 [02:32<26:01,  1.66it/s]Trial 0 | Ep 1:   9%|▉         | 254/2848 [02:32<26:02,  1.66it/s]Trial 0 | Ep 1:   9%|▉         | 255/2848 [02:33<26:09,  1.65it/s]Trial 0 | Ep 1:   9%|▉         | 256/2848 [02:33<26:07,  1.65it/s]Trial 0 | Ep 1:   9%|▉         | 257/2848 [02:34<26:04,  1.66it/s]Trial 0 | Ep 1:   9%|▉         | 258/2848 [02:35<26:12,  1.65it/s]Trial 0 | Ep 1:   9%|▉         | 259/2848 [02:35<26:07,  1.65it/s]Trial 0 | Ep 1:   9%|▉         | 260/2848 [02:36<25:58,  1.66it/s]Trial 0 | Ep 1:   9%|▉         | 261/2848 [02:36<25:56,  1.66it/s]Trial 0 | Ep 1:   9%|▉         | 262/2848 [02:37<26:01,  1.66it/s]Trial 0 | Ep 1:   9%|▉         | 263/2848 [02:38<25:53,  1.66it/s]Trial 0 | Ep 1:   9%|▉         | 264/2848 [02:38<25:47,  1.67it/s]Trial 0 | Ep 1:   9%|▉         | 265/2848 [02:39<25:46,  1.67it/s]Trial 0 | Ep 1:   9%|▉         | 266/2848 [02:39<25:44,  1.67it/s]Trial 0 | Ep 1:   9%|▉         | 267/2848 [02:40<25:43,  1.67it/s]Trial 0 | Ep 1:   9%|▉         | 268/2848 [02:41<25:49,  1.66it/s]Trial 0 | Ep 1:   9%|▉         | 269/2848 [02:41<25:53,  1.66it/s]Trial 0 | Ep 1:   9%|▉         | 270/2848 [02:42<25:52,  1.66it/s]Trial 0 | Ep 1:  10%|▉         | 271/2848 [02:42<25:48,  1.66it/s]Trial 0 | Ep 1:  10%|▉         | 272/2848 [02:43<25:50,  1.66it/s]Trial 0 | Ep 1:  10%|▉         | 273/2848 [02:44<25:57,  1.65it/s]Trial 0 | Ep 1:  10%|▉         | 274/2848 [02:44<25:52,  1.66it/s]Trial 0 | Ep 1:  10%|▉         | 275/2848 [02:45<25:52,  1.66it/s]Trial 0 | Ep 1:  10%|▉         | 276/2848 [02:45<25:59,  1.65it/s]Trial 0 | Ep 1:  10%|▉         | 277/2848 [02:46<25:54,  1.65it/s]Trial 0 | Ep 1:  10%|▉         | 278/2848 [02:47<25:53,  1.65it/s]Trial 0 | Ep 1:  10%|▉         | 279/2848 [02:47<25:49,  1.66it/s]Trial 0 | Ep 1:  10%|▉         | 280/2848 [02:48<25:52,  1.65it/s]Trial 0 | Ep 1:  10%|▉         | 281/2848 [02:48<25:47,  1.66it/s]Trial 0 | Ep 1:  10%|▉         | 282/2848 [02:49<25:42,  1.66it/s]Trial 0 | Ep 1:  10%|▉         | 283/2848 [02:50<25:40,  1.67it/s]Trial 0 | Ep 1:  10%|▉         | 284/2848 [02:50<25:37,  1.67it/s]Trial 0 | Ep 1:  10%|█         | 285/2848 [02:51<25:37,  1.67it/s]Trial 0 | Ep 1:  10%|█         | 286/2848 [02:51<25:30,  1.67it/s]Trial 0 | Ep 1:  10%|█         | 287/2848 [02:52<25:25,  1.68it/s]Trial 0 | Ep 1:  10%|█         | 288/2848 [02:53<25:27,  1.68it/s]Trial 0 | Ep 1:  10%|█         | 289/2848 [02:53<25:27,  1.68it/s]Trial 0 | Ep 1:  10%|█         | 290/2848 [02:54<25:25,  1.68it/s]Trial 0 | Ep 1:  10%|█         | 291/2848 [02:54<25:26,  1.67it/s]Trial 0 | Ep 1:  10%|█         | 292/2848 [02:55<25:26,  1.67it/s]Trial 0 | Ep 1:  10%|█         | 293/2848 [02:56<25:28,  1.67it/s]Trial 0 | Ep 1:  10%|█         | 294/2848 [02:56<25:28,  1.67it/s]Trial 0 | Ep 1:  10%|█         | 295/2848 [02:57<25:26,  1.67it/s]Trial 0 | Ep 1:  10%|█         | 296/2848 [02:57